<?xml version="1.0" encoding="UTF-8"?>
<!-- Generated by org.testng.reporters.JUnitReportReporter -->
<testsuite hostname="DESKTOP-0ORSOPH" failures="0" tests="1" name="com.inetbanking.testcaes.TC_logintest_001" time="5.120" errors="0" timestamp="2025-02-09T11:34:46 IST" skipped="0">
  <testcase classname="com.inetbanking.testcaes.TC_logintest_001" name="loginTest" time="5.120"/>
  <system-out/>
</testsuite> <!-- com.inetbanking.testcaes.TC_logintest_001 -->
