<?xml version="1.0" encoding="UTF-8"?>
<!-- Generated by org.testng.reporters.JUnitReportReporter -->
<testsuite hostname="DESKTOP-0ORSOPH" failures="0" tests="1" name="com.inetbanking.testcaes.TC_logintest_001" time="1.909" errors="0" timestamp="10 Feb 2025 03:16:51 GMT" skipped="0">
  <testcase classname="com.inetbanking.testcaes.TC_logintest_001" name="loginTest" time="1.909"/>
</testsuite> <!-- com.inetbanking.testcaes.TC_logintest_001 -->
